<?xml version="1.0" encoding="UTF-8"?>
<!-- Generated by org.testng.reporters.JUnitReportReporter -->
<testsuite hostname="DESKTOP-DJ4FDME" failures="0" tests="2" name="org.wipro.auto.project_uo.testcases.LoginScenario" time="3.432" errors="0" timestamp="2025-10-28T05:52:16 IST" skipped="1">
  <testcase classname="org.wipro.auto.project_uo.testcases.LoginScenario" name="tc02_validate_login_func_valid_credentials" time="3.432"/>
  <testcase classname="org.wipro.auto.project_uo.testcases.LoginScenario" name="tc01_validate_login_func_valid_credentials">
    <skipped/>
  </testcase> <!-- tc01_validate_login_func_valid_credentials -->
</testsuite> <!-- org.wipro.auto.project_uo.testcases.LoginScenario -->
