<?xml version="1.0" encoding="UTF-8"?>
<!-- Generated by org.testng.reporters.JUnitReportReporter -->
<testsuite hostname="DESKTOP-DJ4FDME" failures="0" tests="1" name="org.xyz.auto.saucedemo.FirstAutomation_SD" time="2.885" errors="0" timestamp="2025-10-17T06:08:39 IST" skipped="0">
  <testcase classname="org.xyz.auto.saucedemo.FirstAutomation_SD" name="validate_login_functionilty" time="2.885"/>
</testsuite> <!-- org.xyz.auto.saucedemo.FirstAutomation_SD -->
