<?xml version="1.0" encoding="UTF-8"?>
<!-- Generated by org.testng.reporters.JUnitReportReporter -->
<testsuite hostname="DESKTOP-DJ4FDME" failures="0" tests="1" name="org.wipro.auto.project_uo.basePkg.InitiateBrower" time="3.998" errors="0" timestamp="2025-10-25T06:04:17 IST" skipped="0">
  <testcase classname="org.wipro.auto.project_uo.basePkg.InitiateBrower" name="launchBrowser" time="3.998"/>
</testsuite> <!-- org.wipro.auto.project_uo.basePkg.InitiateBrower -->
