<?xml version="1.0" encoding="UTF-8"?>
<!-- Generated by org.testng.reporters.JUnitReportReporter -->
<testsuite hostname="DESKTOP-DJ4FDME" failures="0" tests="2" name="org.xyz.auto.saucedemo.Calendar" time="8.682" errors="0" timestamp="2025-10-16T06:22:59 IST" skipped="1">
  <testcase classname="org.xyz.auto.saucedemo.Calendar" name="textbased_calendar" time="8.682"/>
  <testcase classname="org.xyz.auto.saucedemo.Calendar" name="icon_based_calendar">
    <skipped/>
  </testcase> <!-- icon_based_calendar -->
</testsuite> <!-- org.xyz.auto.saucedemo.Calendar -->
