<?xml version="1.0" encoding="UTF-8"?>
<!-- Generated by org.testng.reporters.JUnitReportReporter -->
<testsuite hostname="DESKTOP-DJ4FDME" failures="0" tests="5" name="org.xyz.auto.saucedemo.KeyboardMouseWindows" time="16.467" errors="0" timestamp="2025-10-24T06:02:21 IST" skipped="3">
  <testcase classname="org.xyz.auto.saucedemo.KeyboardMouseWindows" name="handleAlerts" time="9.364"/>
  <testcase classname="org.xyz.auto.saucedemo.KeyboardMouseWindows" name="handleFrames" time="7.103"/>
  <testcase classname="org.xyz.auto.saucedemo.KeyboardMouseWindows" name="handleMouse">
    <skipped/>
  </testcase> <!-- handleMouse -->
  <testcase classname="org.xyz.auto.saucedemo.KeyboardMouseWindows" name="dragdrop">
    <skipped/>
  </testcase> <!-- dragdrop -->
  <testcase classname="org.xyz.auto.saucedemo.KeyboardMouseWindows" name="handleKeyboards">
    <skipped/>
  </testcase> <!-- handleKeyboards -->
</testsuite> <!-- org.xyz.auto.saucedemo.KeyboardMouseWindows -->
