<?xml version="1.0" encoding="UTF-8"?>
<!-- Generated by org.testng.reporters.JUnitReportReporter -->
<testsuite hostname="DESKTOP-DJ4FDME" failures="0" tests="1" name="org.xyz.auto.saucedemo.BrowserControl" time="32.759" errors="0" timestamp="2025-10-15T06:03:07 IST" skipped="0">
  <testcase classname="org.xyz.auto.saucedemo.BrowserControl" name="validate_login_functionilty" time="32.759"/>
</testsuite> <!-- org.xyz.auto.saucedemo.BrowserControl -->
