<?xml version="1.0" encoding="UTF-8"?>
<!-- Generated by org.testng.reporters.JUnitReportReporter -->
<testsuite hostname="DESKTOP-DJ4FDME" failures="0" tests="3" name="org.wipro.auto.project_uo.testcases.LoginScenario_DDF" time="12.095" errors="0" timestamp="2025-10-28T06:25:34 IST" skipped="0">
  <testcase classname="org.wipro.auto.project_uo.testcases.LoginScenario_DDF" name="tc01_validate_login_func_valid_credentials" time="3.464"/>
  <testcase classname="org.wipro.auto.project_uo.testcases.LoginScenario_DDF" name="tc01_validate_login_func_valid_credentials" time="3.518"/>
  <testcase classname="org.wipro.auto.project_uo.testcases.LoginScenario_DDF" name="tc01_validate_login_func_valid_credentials" time="5.113"/>
</testsuite> <!-- org.wipro.auto.project_uo.testcases.LoginScenario_DDF -->
