<?xml version="1.0" encoding="UTF-8"?>
<!-- Generated by org.testng.reporters.JUnitReportReporter -->
<testsuite hostname="DESKTOP-DJ4FDME" failures="0" tests="3" name="org.wipro.auto.project_uo.testcases.SignupScenario_DDF" time="23.382" errors="0" timestamp="2025-10-29T05:51:54 IST" skipped="0">
  <testcase classname="org.wipro.auto.project_uo.testcases.SignupScenario_DDF" name="tc01_validate_signup_func_valid_infomation" time="7.628"/>
  <testcase classname="org.wipro.auto.project_uo.testcases.SignupScenario_DDF" name="tc01_validate_signup_func_valid_infomation" time="8.054"/>
  <testcase classname="org.wipro.auto.project_uo.testcases.SignupScenario_DDF" name="tc01_validate_signup_func_valid_infomation" time="7.700"/>
</testsuite> <!-- org.wipro.auto.project_uo.testcases.SignupScenario_DDF -->
