<?xml version="1.0" encoding="UTF-8"?>
<!-- Generated by org.testng.reporters.JUnitReportReporter -->
<testsuite hostname="DESKTOP-DJ4FDME" failures="0" tests="1" name="org.xyz.auto.saucedemo.ListOFElements" time="8.007" errors="0" timestamp="2025-10-18T06:07:52 IST" skipped="0">
  <testcase classname="org.xyz.auto.saucedemo.ListOFElements" name="validate_login_functionilty" time="8.007"/>
</testsuite> <!-- org.xyz.auto.saucedemo.ListOFElements -->
