<?xml version="1.0" encoding="UTF-8"?>
<!-- Generated by org.testng.reporters.JUnitReportReporter -->
<testsuite hostname="DESKTOP-DJ4FDME" failures="0" tests="2" name="org.xyz.auto.saucedemo.RegistrationLogin" time="8.844" errors="0" timestamp="2025-10-18T05:55:21 IST" skipped="1">
  <testcase classname="org.xyz.auto.saucedemo.RegistrationLogin" name="validate_login_functionilty" time="8.844"/>
  <testcase classname="org.xyz.auto.saucedemo.RegistrationLogin" name="validate_signup_functionilty">
    <skipped/>
  </testcase> <!-- validate_signup_functionilty -->
</testsuite> <!-- org.xyz.auto.saucedemo.RegistrationLogin -->
