<?xml version="1.0" encoding="UTF-8"?>
<!-- Generated by org.testng.reporters.JUnitReportReporter -->
<testsuite hostname="DESKTOP-DJ4FDME" failures="0" tests="7" name="testNGDemo.TestScenario8" time="0.048" errors="0" timestamp="2025-10-24T06:02:22 IST" skipped="0">
  <testcase classname="testNGDemo.TestScenario8" name="seventh_testcase" time="0.002"/>
  <testcase classname="testNGDemo.TestScenario8" name="second_testcase" time="0.008"/>
  <testcase classname="testNGDemo.TestScenario8" name="fifth_testcase" time="0.004"/>
  <testcase classname="testNGDemo.TestScenario8" name="sixth_testcase" time="0.010"/>
  <testcase classname="testNGDemo.TestScenario8" name="forth_testcase" time="0.004"/>
  <testcase classname="testNGDemo.TestScenario8" name="first_testcase" time="0.017"/>
  <testcase classname="testNGDemo.TestScenario8" name="third_testcase" time="0.003"/>
</testsuite> <!-- testNGDemo.TestScenario8 -->
