<?xml version="1.0" encoding="UTF-8"?>
<!-- Generated by org.testng.reporters.JUnitReportReporter -->
<testsuite hostname="DESKTOP-DJ4FDME" failures="0" tests="1" name="org.wipro.auto.project_uo.testcases.SignupScenario" time="7.804" errors="0" timestamp="2025-10-28T06:11:26 IST" skipped="0">
  <testcase classname="org.wipro.auto.project_uo.testcases.SignupScenario" name="tc01_validate_signup_func_valid_infomation" time="7.804"/>
</testsuite> <!-- org.wipro.auto.project_uo.testcases.SignupScenario -->
